<?xml version="1.0" encoding="UTF-8"?>
<testng-results ignored="0" total="1" passed="1" failed="0" skipped="0">
  <reporter-output>
  </reporter-output>
  <suite started-at="2023-04-06T10:21:34 EDT" name="Default suite" finished-at="2023-04-06T10:21:39 EDT" duration-ms="5594">
    <groups>
    </groups>
    <test started-at="2023-04-06T10:21:34 EDT" name="Default test" finished-at="2023-04-06T10:21:39 EDT" duration-ms="5594">
      <class name="pkgSelenium.SeleniumTestCase">
        <test-method is-config="true" signature="setUp()[pri:0, instance:pkgSelenium.SeleniumTestCase@5223e5ee]" started-at="2023-04-06T10:21:34 EDT" name="setUp" finished-at="2023-04-06T10:21:39 EDT" duration-ms="4930" status="PASS">
          <reporter-output>
          </reporter-output>
        </test-method> <!-- setUp -->
        <test-method signature="test()[pri:0, instance:pkgSelenium.SeleniumTestCase@5223e5ee]" started-at="2023-04-06T10:21:39 EDT" name="test" finished-at="2023-04-06T10:21:39 EDT" duration-ms="406" status="PASS">
          <reporter-output>
          </reporter-output>
        </test-method> <!-- test -->
        <test-method is-config="true" signature="tearDown()[pri:0, instance:pkgSelenium.SeleniumTestCase@5223e5ee]" started-at="2023-04-06T10:21:39 EDT" name="tearDown" finished-at="2023-04-06T10:21:39 EDT" duration-ms="229" status="PASS">
          <reporter-output>
          </reporter-output>
        </test-method> <!-- tearDown -->
      </class> <!-- pkgSelenium.SeleniumTestCase -->
    </test> <!-- Default test -->
  </suite> <!-- Default suite -->
</testng-results>
